<?xml version="1.0" encoding="UTF-8"?>
<!-- Generated by org.testng.reporters.JUnitXMLReporter -->
<testsuite hostname="DESKTOP-NNJQK5J" ignored="0" name="Default test" tests="8" failures="0" timestamp="07 Feb 2023 07:49:22 GMT" time="13.621" errors="0">
  <testcase name="login" time="4.669" classname="com.addAddress.ExecutionClass"/>
  <testcase name="getStateList" time="1.27" classname="com.addAddress.ExecutionClass"/>
  <testcase name="getCityList" time="1.415" classname="com.addAddress.ExecutionClass"/>
  <testcase name="addUserAddress" time="1.27" classname="com.addAddress.ExecutionClass"/>
  <testcase name="updateUserAddress" time="1.242" classname="com.addAddress.ExecutionClass"/>
  <testcase name="getUserAddress" time="1.219" classname="com.addAddress.ExecutionClass"/>
  <testcase name="deleteUserAddress" time="1.259" classname="com.addAddress.ExecutionClass"/>
  <testcase name="searchProduct" time="1.224" classname="com.addAddress.ExecutionClass"/>
</testsuite> <!-- Default test -->
