<?xml version="1.0" encoding="UTF-8"?>
<testng-results skipped="0" failed="0" ignored="0" total="8" passed="8">
  <reporter-output>
  </reporter-output>
  <suite name="Default suite" duration-ms="13621" started-at="2023-02-07T07:49:09Z" finished-at="2023-02-07T07:49:22Z">
    <groups>
    </groups>
    <test name="Default test" duration-ms="13621" started-at="2023-02-07T07:49:09Z" finished-at="2023-02-07T07:49:22Z">
      <class name="com.addAddress.ExecutionClass">
        <test-method status="PASS" signature="login()[pri:1, instance:com.addAddress.ExecutionClass@73846619]" name="login" duration-ms="4669" started-at="2023-02-07T13:19:09Z" finished-at="2023-02-07T13:19:13Z">
          <reporter-output>
          </reporter-output>
        </test-method> <!-- login -->
        <test-method status="PASS" signature="getStateList()[pri:2, instance:com.addAddress.ExecutionClass@73846619]" name="getStateList" duration-ms="1270" started-at="2023-02-07T13:19:13Z" finished-at="2023-02-07T13:19:15Z">
          <reporter-output>
          </reporter-output>
        </test-method> <!-- getStateList -->
        <test-method status="PASS" signature="getCityList()[pri:3, instance:com.addAddress.ExecutionClass@73846619]" name="getCityList" duration-ms="1415" started-at="2023-02-07T13:19:15Z" finished-at="2023-02-07T13:19:16Z">
          <reporter-output>
          </reporter-output>
        </test-method> <!-- getCityList -->
        <test-method status="PASS" signature="addUserAddress()[pri:4, instance:com.addAddress.ExecutionClass@73846619]" name="addUserAddress" duration-ms="1270" started-at="2023-02-07T13:19:16Z" finished-at="2023-02-07T13:19:17Z">
          <reporter-output>
          </reporter-output>
        </test-method> <!-- addUserAddress -->
        <test-method status="PASS" signature="updateUserAddress()[pri:5, instance:com.addAddress.ExecutionClass@73846619]" name="updateUserAddress" duration-ms="1242" started-at="2023-02-07T13:19:17Z" finished-at="2023-02-07T13:19:19Z">
          <reporter-output>
          </reporter-output>
        </test-method> <!-- updateUserAddress -->
        <test-method status="PASS" signature="getUserAddress()[pri:6, instance:com.addAddress.ExecutionClass@73846619]" name="getUserAddress" duration-ms="1219" started-at="2023-02-07T13:19:19Z" finished-at="2023-02-07T13:19:20Z">
          <reporter-output>
          </reporter-output>
        </test-method> <!-- getUserAddress -->
        <test-method status="PASS" signature="deleteUserAddress()[pri:7, instance:com.addAddress.ExecutionClass@73846619]" name="deleteUserAddress" duration-ms="1259" started-at="2023-02-07T13:19:20Z" finished-at="2023-02-07T13:19:21Z">
          <reporter-output>
          </reporter-output>
        </test-method> <!-- deleteUserAddress -->
        <test-method status="PASS" signature="searchProduct()[pri:8, instance:com.addAddress.ExecutionClass@73846619]" name="searchProduct" duration-ms="1224" started-at="2023-02-07T13:19:21Z" finished-at="2023-02-07T13:19:22Z">
          <reporter-output>
          </reporter-output>
        </test-method> <!-- searchProduct -->
      </class> <!-- com.addAddress.ExecutionClass -->
    </test> <!-- Default test -->
  </suite> <!-- Default suite -->
</testng-results>
